;  LST file generated by mikroListExporter - v.2.0 
; Date/Time: 8/9/2024 1:23:43 AM
;----------------------------------------------

;Address Opcode 	ASM
0x0000	0x2814      	GOTO       20
_Div_8X8_U:
;__Lib_Math.c,189 :: 		
;__Lib_Math.c,196 :: 		
0x0003	0x1283      	BCF        STATUS, 5
;__Lib_Math.c,197 :: 		
0x0004	0x1303      	BCF        STATUS, 6
;__Lib_Math.c,198 :: 		
0x0005	0x01F8      	CLRF       R8
;__Lib_Math.c,199 :: 		
0x0006	0x3008      	MOVLW      8
;__Lib_Math.c,200 :: 		
0x0007	0x00FC      	MOVWF      R12
;__Lib_Math.c,201 :: 		
0x0008	0x0D70      	RLF        R0, 0
;__Lib_Math.c,202 :: 		
0x0009	0x0DF8      	RLF        R8, 1
;__Lib_Math.c,203 :: 		
0x000A	0x0874      	MOVF       R4, 0
;__Lib_Math.c,204 :: 		
0x000B	0x02F8      	SUBWF      R8, 1
;__Lib_Math.c,205 :: 		
0x000C	0x1803      	BTFSC      STATUS, 0
;__Lib_Math.c,206 :: 		
0x000D	0x2810      	GOTO       $+3
;__Lib_Math.c,207 :: 		
0x000E	0x07F8      	ADDWF      R8, 1
;__Lib_Math.c,208 :: 		
0x000F	0x1003      	BCF        STATUS, 0
;__Lib_Math.c,209 :: 		
0x0010	0x0DF0      	RLF        R0, 1
;__Lib_Math.c,210 :: 		
0x0011	0x0BFC      	DECFSZ     R12, 1
;__Lib_Math.c,211 :: 		
0x0012	0x2808      	GOTO       $-10
;__Lib_Math.c,213 :: 		
L_end_Div_8X8_U:
0x0013	0x0008      	RETURN
; end of _Div_8X8_U
_main:
;trafficone.c,3 :: 		void main(){
;trafficone.c,6 :: 		adcon1=7;     //convert analog to digital
0x0014	0x3007      	MOVLW      7
0x0015	0x1683      	BSF        STATUS, 5
0x0016	0x1303      	BCF        STATUS, 6
0x0017	0x009F      	MOVWF      ADCON1
;trafficone.c,7 :: 		trisa=0;       //port A is output
0x0018	0x0185      	CLRF       TRISA
;trafficone.c,8 :: 		porta=0;        //give port A initial value zero
0x0019	0x1283      	BCF        STATUS, 5
0x001A	0x0185      	CLRF       PORTA
;trafficone.c,9 :: 		trisd=0;         //port D is output
0x001B	0x1683      	BSF        STATUS, 5
0x001C	0x0188      	CLRF       TRISD
;trafficone.c,10 :: 		portd=0;         //give port D initial value zero
0x001D	0x1283      	BCF        STATUS, 5
0x001E	0x0188      	CLRF       PORTD
;trafficone.c,11 :: 		trisc=0;         //  port C is output
0x001F	0x1683      	BSF        STATUS, 5
0x0020	0x0187      	CLRF       TRISC
;trafficone.c,12 :: 		portc=0;          //give port C initial value zero
0x0021	0x1283      	BCF        STATUS, 5
0x0022	0x0187      	CLRF       PORTC
;trafficone.c,13 :: 		trisb=0b00011000;     //port B mix between input and output pins
0x0023	0x3018      	MOVLW      24
0x0024	0x1683      	BSF        STATUS, 5
0x0025	0x0086      	MOVWF      TRISB
;trafficone.c,14 :: 		portb=0;               //give port C initial value zero
0x0026	0x1283      	BCF        STATUS, 5
0x0027	0x0186      	CLRF       PORTB
;trafficone.c,16 :: 		while(1){
L_main0:
;trafficone.c,17 :: 		if(portb.B3==1){                   //manual mode
0x0028	0x1D86      	BTFSS      PORTB, 3
0x0029	0x2877      	GOTO       L_main2
;trafficone.c,19 :: 		for(;;){
L_main3:
;trafficone.c,20 :: 		if(portb.b4==0){                // when button is down  excute the condition
0x002A	0x1A06      	BTFSC      PORTB, 4
0x002B	0x283C      	GOTO       L_main6
;trafficone.c,21 :: 		for(;;){
L_main7:
;trafficone.c,22 :: 		if( portb.b4==1){break;}         //if button is up out from this loop
0x002C	0x1E06      	BTFSS      PORTB, 4
0x002D	0x282F      	GOTO       L_main10
0x002E	0x283C      	GOTO       L_main8
L_main10:
;trafficone.c,23 :: 		portc.b0=1;                               // Red led of south is on
0x002F	0x1407      	BSF        PORTC, 0
;trafficone.c,24 :: 		portc.b1=0;                              // yellow led of south is off
0x0030	0x1087      	BCF        PORTC, 1
;trafficone.c,25 :: 		portc.b2=0;                               // green led of south is off
0x0031	0x1107      	BCF        PORTC, 2
;trafficone.c,26 :: 		portc.b3=0;                               // Red led of west is off
0x0032	0x1187      	BCF        PORTC, 3
;trafficone.c,27 :: 		portc.b4=0;                               // yellow led of west is off
0x0033	0x1207      	BCF        PORTC, 4
;trafficone.c,28 :: 		portc.b5=1;                                // green led of west is on
0x0034	0x1687      	BSF        PORTC, 5
;trafficone.c,29 :: 		if(portb.B3==0){break;}   //if switch of manual and automatic is off go to automatic mode
0x0035	0x1986      	BTFSC      PORTB, 3
0x0036	0x2838      	GOTO       L_main11
0x0037	0x283C      	GOTO       L_main8
L_main11:
;trafficone.c,30 :: 		if( portb.b4==1){break;}       //if button is up out from this loop
0x0038	0x1E06      	BTFSS      PORTB, 4
0x0039	0x283B      	GOTO       L_main12
0x003A	0x283C      	GOTO       L_main8
L_main12:
;trafficone.c,31 :: 		}    }
0x003B	0x282C      	GOTO       L_main7
L_main8:
L_main6:
;trafficone.c,32 :: 		if(portb.b4==0) {                   // when button is down  excute the condition
0x003C	0x1A06      	BTFSC      PORTB, 4
0x003D	0x284E      	GOTO       L_main13
;trafficone.c,33 :: 		for(;;){
L_main14:
;trafficone.c,34 :: 		if( portb.b4==1){break;}         //if button is up out from this loop
0x003E	0x1E06      	BTFSS      PORTB, 4
0x003F	0x2841      	GOTO       L_main17
0x0040	0x284E      	GOTO       L_main15
L_main17:
;trafficone.c,35 :: 		portc.b0=1;                      // Red led of south is on
0x0041	0x1407      	BSF        PORTC, 0
;trafficone.c,36 :: 		portc.b1=0;                       // yellow led of south is off
0x0042	0x1087      	BCF        PORTC, 1
;trafficone.c,37 :: 		portc.b2=0;                         // green led of south is off
0x0043	0x1107      	BCF        PORTC, 2
;trafficone.c,38 :: 		portc.b3=0;                         // Red led of west is off
0x0044	0x1187      	BCF        PORTC, 3
;trafficone.c,39 :: 		portc.b4=1;                          // yellow led of west is on
0x0045	0x1607      	BSF        PORTC, 4
;trafficone.c,40 :: 		portc.b5=0;                          // green led of west is off
0x0046	0x1287      	BCF        PORTC, 5
;trafficone.c,42 :: 		if(portb.B3==0){break;}//if switch of manual and automatic is off go to automatic mode
0x0047	0x1986      	BTFSC      PORTB, 3
0x0048	0x284A      	GOTO       L_main18
0x0049	0x284E      	GOTO       L_main15
L_main18:
;trafficone.c,43 :: 		if( portb.b4==1){break;}  //if button is up out from this loop
0x004A	0x1E06      	BTFSS      PORTB, 4
0x004B	0x284D      	GOTO       L_main19
0x004C	0x284E      	GOTO       L_main15
L_main19:
;trafficone.c,44 :: 		}   }
0x004D	0x283E      	GOTO       L_main14
L_main15:
L_main13:
;trafficone.c,45 :: 		if(portb.b4==0){       // when button is down  excute the condition
0x004E	0x1A06      	BTFSC      PORTB, 4
0x004F	0x2860      	GOTO       L_main20
;trafficone.c,46 :: 		for(;;){
L_main21:
;trafficone.c,47 :: 		if( portb.b4==1){break;}    //if button is up out from this loop
0x0050	0x1E06      	BTFSS      PORTB, 4
0x0051	0x2853      	GOTO       L_main24
0x0052	0x2860      	GOTO       L_main22
L_main24:
;trafficone.c,48 :: 		portc.b0=0;                    // Red led of south is off
0x0053	0x1007      	BCF        PORTC, 0
;trafficone.c,49 :: 		portc.b1=0;                    // yellow led of south is off
0x0054	0x1087      	BCF        PORTC, 1
;trafficone.c,50 :: 		portc.b2=1;                      // green led of south is on
0x0055	0x1507      	BSF        PORTC, 2
;trafficone.c,51 :: 		portc.b3=1;                       // Red led of west is on
0x0056	0x1587      	BSF        PORTC, 3
;trafficone.c,52 :: 		portc.b4=0;                        // yellow led of west is off
0x0057	0x1207      	BCF        PORTC, 4
;trafficone.c,53 :: 		portc.b5=0;                        // green led of west is off
0x0058	0x1287      	BCF        PORTC, 5
;trafficone.c,54 :: 		if(portb.B3==0){break;}  //if switch of manual and automatic is off go to automatic mode
0x0059	0x1986      	BTFSC      PORTB, 3
0x005A	0x285C      	GOTO       L_main25
0x005B	0x2860      	GOTO       L_main22
L_main25:
;trafficone.c,55 :: 		if( portb.b4==1){break;}   //if button is up out from this loop
0x005C	0x1E06      	BTFSS      PORTB, 4
0x005D	0x285F      	GOTO       L_main26
0x005E	0x2860      	GOTO       L_main22
L_main26:
;trafficone.c,56 :: 		}   }
0x005F	0x2850      	GOTO       L_main21
L_main22:
L_main20:
;trafficone.c,57 :: 		if(portb.b4==0){    // when button is down  excute the condition
0x0060	0x1A06      	BTFSC      PORTB, 4
0x0061	0x2872      	GOTO       L_main27
;trafficone.c,58 :: 		for(;;){
L_main28:
;trafficone.c,59 :: 		if( portb.b4==1){break;}      //if button is up out from this loop
0x0062	0x1E06      	BTFSS      PORTB, 4
0x0063	0x2865      	GOTO       L_main31
0x0064	0x2872      	GOTO       L_main29
L_main31:
;trafficone.c,60 :: 		portc.b0=0;               // Red led of south is off
0x0065	0x1007      	BCF        PORTC, 0
;trafficone.c,61 :: 		portc.b1=1;           // yellow led of south is on
0x0066	0x1487      	BSF        PORTC, 1
;trafficone.c,62 :: 		portc.b2=0;            // green led of south is off
0x0067	0x1107      	BCF        PORTC, 2
;trafficone.c,63 :: 		portc.b3=1;          // Red led of west is on
0x0068	0x1587      	BSF        PORTC, 3
;trafficone.c,64 :: 		portc.b4=0;                  // yellow led of west is off
0x0069	0x1207      	BCF        PORTC, 4
;trafficone.c,65 :: 		portc.b5=0;                  // green led of west is off
0x006A	0x1287      	BCF        PORTC, 5
;trafficone.c,66 :: 		if(portb.B3==0){break;}  //if switch of manual and automatic is off go to automatic mode
0x006B	0x1986      	BTFSC      PORTB, 3
0x006C	0x286E      	GOTO       L_main32
0x006D	0x2872      	GOTO       L_main29
L_main32:
;trafficone.c,67 :: 		if( portb.b4==1){break;}   //if button is up out from this loop
0x006E	0x1E06      	BTFSS      PORTB, 4
0x006F	0x2871      	GOTO       L_main33
0x0070	0x2872      	GOTO       L_main29
L_main33:
;trafficone.c,68 :: 		}       }
0x0071	0x2862      	GOTO       L_main28
L_main29:
L_main27:
;trafficone.c,69 :: 		if(portb.B3==0){break;}    //if switch of manual and automatic is off go to automatic mode
0x0072	0x1986      	BTFSC      PORTB, 3
0x0073	0x2875      	GOTO       L_main34
0x0074	0x2876      	GOTO       L_main4
L_main34:
;trafficone.c,71 :: 		}
0x0075	0x282A      	GOTO       L_main3
L_main4:
;trafficone.c,73 :: 		} else{                           //automatic mode
0x0076	0x2956      	GOTO       L_main35
L_main2:
;trafficone.c,75 :: 		for(;;){
L_main36:
;trafficone.c,76 :: 		if(portb.B3==1){           //if switch of manual and automatic is on go to manual mode
0x0077	0x1D86      	BTFSS      PORTB, 3
0x0078	0x287A      	GOTO       L_main39
;trafficone.c,77 :: 		break;}
0x0079	0x2956      	GOTO       L_main37
L_main39:
;trafficone.c,78 :: 		portc.b0=1;                       // Red led of south is on
0x007A	0x1407      	BSF        PORTC, 0
;trafficone.c,79 :: 		portc.b1=0;                         // yellow led of south is off
0x007B	0x1087      	BCF        PORTC, 1
;trafficone.c,80 :: 		portc.b2=0;                           // green led of south is off
0x007C	0x1107      	BCF        PORTC, 2
;trafficone.c,81 :: 		portc.b3=0;                            // Red led of west is off
0x007D	0x1187      	BCF        PORTC, 3
;trafficone.c,82 :: 		portc.b4=0;                             // yellow led of west is off
0x007E	0x1207      	BCF        PORTC, 4
;trafficone.c,83 :: 		portc.b5=1;                              // green led of west is on
0x007F	0x1687      	BSF        PORTC, 5
;trafficone.c,84 :: 		if(portb.B3==1){
0x0080	0x1D86      	BTFSS      PORTB, 3
0x0081	0x2883      	GOTO       L_main40
;trafficone.c,85 :: 		break;}
0x0082	0x2956      	GOTO       L_main37
L_main40:
;trafficone.c,86 :: 		for(counter=23;counter>=0;counter--){      //counter from 23 to zero
0x0083	0x3017      	MOVLW      23
0x0084	0x00A2      	MOVWF      main_counter_L0
L_main41:
0x0085	0x3000      	MOVLW      0
0x0086	0x0222      	SUBWF      main_counter_L0, 0
0x0087	0x1C03      	BTFSS      STATUS, 0
0x0088	0x28E6      	GOTO       L_main42
;trafficone.c,87 :: 		if(portb.B3==1){        //if switch of manual and automatic is on go to manual mode
0x0089	0x1D86      	BTFSS      PORTB, 3
0x008A	0x288C      	GOTO       L_main44
;trafficone.c,88 :: 		break;}
0x008B	0x28E6      	GOTO       L_main42
L_main44:
;trafficone.c,89 :: 		left=counter/10;
0x008C	0x300A      	MOVLW      10
0x008D	0x00F4      	MOVWF      R4
0x008E	0x0822      	MOVF       main_counter_L0, 0
0x008F	0x00F0      	MOVWF      R0
0x0090	0x2003      	CALL       _Div_8X8_U
0x0091	0x0870      	MOVF       R0, 0
0x0092	0x00A4      	MOVWF      main_left_L0
;trafficone.c,90 :: 		right=counter%10;
0x0093	0x300A      	MOVLW      10
0x0094	0x00F4      	MOVWF      R4
0x0095	0x0822      	MOVF       main_counter_L0, 0
0x0096	0x00F0      	MOVWF      R0
0x0097	0x2003      	CALL       _Div_8X8_U
0x0098	0x0878      	MOVF       R8, 0
0x0099	0x00F0      	MOVWF      R0
0x009A	0x0870      	MOVF       R0, 0
0x009B	0x00A5      	MOVWF      main_right_L0
;trafficone.c,91 :: 		if(counter<=3){
0x009C	0x0822      	MOVF       main_counter_L0, 0
0x009D	0x3C03      	SUBLW      3
0x009E	0x1C03      	BTFSS      STATUS, 0
0x009F	0x28A6      	GOTO       L_main45
;trafficone.c,92 :: 		if(portb.B3==1){               //if switch of manual and automatic is on go to manual mode
0x00A0	0x1D86      	BTFSS      PORTB, 3
0x00A1	0x28A3      	GOTO       L_main46
;trafficone.c,93 :: 		break;}
0x00A2	0x28E6      	GOTO       L_main42
L_main46:
;trafficone.c,94 :: 		portc.b3=0;                    // Red led of west is off
0x00A3	0x1187      	BCF        PORTC, 3
;trafficone.c,95 :: 		portc.b4=1;                      // yellow led of west is on
0x00A4	0x1607      	BSF        PORTC, 4
;trafficone.c,96 :: 		portc.b5=0;                       // green led of west is off
0x00A5	0x1287      	BCF        PORTC, 5
;trafficone.c,97 :: 		}    if(portb.B3==1){
L_main45:
0x00A6	0x1D86      	BTFSS      PORTB, 3
0x00A7	0x28A9      	GOTO       L_main47
;trafficone.c,98 :: 		break;}
0x00A8	0x28E6      	GOTO       L_main42
L_main47:
;trafficone.c,100 :: 		for(i=0;i<25;i++){
0x00A9	0x01A3      	CLRF       main_i_L0
L_main48:
0x00AA	0x3019      	MOVLW      25
0x00AB	0x0223      	SUBWF      main_i_L0, 0
0x00AC	0x1803      	BTFSC      STATUS, 0
0x00AD	0x28DC      	GOTO       L_main49
;trafficone.c,101 :: 		portb.B1=1;
0x00AE	0x1486      	BSF        PORTB, 1
;trafficone.c,102 :: 		portb.B2=0;
0x00AF	0x1106      	BCF        PORTB, 2
;trafficone.c,103 :: 		portd=right;
0x00B0	0x0825      	MOVF       main_right_L0, 0
0x00B1	0x0088      	MOVWF      PORTD
;trafficone.c,104 :: 		porta=right;
0x00B2	0x0825      	MOVF       main_right_L0, 0
0x00B3	0x0085      	MOVWF      PORTA
;trafficone.c,105 :: 		if(portb.B3==1){            //if switch of manual and automatic is on go to manual mode
0x00B4	0x1D86      	BTFSS      PORTB, 3
0x00B5	0x28B7      	GOTO       L_main51
;trafficone.c,106 :: 		break;}
0x00B6	0x28DC      	GOTO       L_main49
L_main51:
;trafficone.c,107 :: 		delay_ms(20);
0x00B7	0x3034      	MOVLW      52
0x00B8	0x00FC      	MOVWF      R12
0x00B9	0x30F1      	MOVLW      241
0x00BA	0x00FD      	MOVWF      R13
L_main52:
0x00BB	0x0BFD      	DECFSZ     R13, 1
0x00BC	0x28BB      	GOTO       L_main52
0x00BD	0x0BFC      	DECFSZ     R12, 1
0x00BE	0x28BB      	GOTO       L_main52
0x00BF	0x0000      	NOP
0x00C0	0x0000      	NOP
;trafficone.c,108 :: 		if(portb.B3==1){             //if switch of manual and automatic is on go to manual mode
0x00C1	0x1D86      	BTFSS      PORTB, 3
0x00C2	0x28C4      	GOTO       L_main53
;trafficone.c,109 :: 		break;}
0x00C3	0x28DC      	GOTO       L_main49
L_main53:
;trafficone.c,110 :: 		portb.B1=0;
0x00C4	0x1086      	BCF        PORTB, 1
;trafficone.c,111 :: 		portb.B2=1;
0x00C5	0x1506      	BSF        PORTB, 2
;trafficone.c,112 :: 		portd=left;
0x00C6	0x0824      	MOVF       main_left_L0, 0
0x00C7	0x0088      	MOVWF      PORTD
;trafficone.c,113 :: 		porta=left;
0x00C8	0x0824      	MOVF       main_left_L0, 0
0x00C9	0x0085      	MOVWF      PORTA
;trafficone.c,114 :: 		if(portb.B3==1){             //if switch of manual and automatic is on go to manual mode
0x00CA	0x1D86      	BTFSS      PORTB, 3
0x00CB	0x28CD      	GOTO       L_main54
;trafficone.c,115 :: 		break;}
0x00CC	0x28DC      	GOTO       L_main49
L_main54:
;trafficone.c,116 :: 		delay_ms(20);
0x00CD	0x3034      	MOVLW      52
0x00CE	0x00FC      	MOVWF      R12
0x00CF	0x30F1      	MOVLW      241
0x00D0	0x00FD      	MOVWF      R13
L_main55:
0x00D1	0x0BFD      	DECFSZ     R13, 1
0x00D2	0x28D1      	GOTO       L_main55
0x00D3	0x0BFC      	DECFSZ     R12, 1
0x00D4	0x28D1      	GOTO       L_main55
0x00D5	0x0000      	NOP
0x00D6	0x0000      	NOP
;trafficone.c,117 :: 		if(portb.B3==1){               //if switch of manual and automatic is on go to manual mode
0x00D7	0x1D86      	BTFSS      PORTB, 3
0x00D8	0x28DA      	GOTO       L_main56
;trafficone.c,118 :: 		break;}
0x00D9	0x28DC      	GOTO       L_main49
L_main56:
;trafficone.c,100 :: 		for(i=0;i<25;i++){
0x00DA	0x0AA3      	INCF       main_i_L0, 1
;trafficone.c,119 :: 		}
0x00DB	0x28AA      	GOTO       L_main48
L_main49:
;trafficone.c,120 :: 		if(counter==0){
0x00DC	0x0822      	MOVF       main_counter_L0, 0
0x00DD	0x3A00      	XORLW      0
0x00DE	0x1D03      	BTFSS      STATUS, 2
0x00DF	0x28E1      	GOTO       L_main57
;trafficone.c,121 :: 		break;
0x00E0	0x28E6      	GOTO       L_main42
;trafficone.c,122 :: 		}
L_main57:
;trafficone.c,123 :: 		if(portb.B3==1){        //if switch of manual and automatic is on go to manual mode
0x00E1	0x1D86      	BTFSS      PORTB, 3
0x00E2	0x28E4      	GOTO       L_main58
;trafficone.c,124 :: 		break;} }
0x00E3	0x28E6      	GOTO       L_main42
L_main58:
;trafficone.c,86 :: 		for(counter=23;counter>=0;counter--){      //counter from 23 to zero
0x00E4	0x03A2      	DECF       main_counter_L0, 1
;trafficone.c,124 :: 		break;} }
0x00E5	0x2885      	GOTO       L_main41
L_main42:
;trafficone.c,125 :: 		if(portb.B3==1){     //if switch of manual and automatic is on go to manual mode
0x00E6	0x1D86      	BTFSS      PORTB, 3
0x00E7	0x28E9      	GOTO       L_main59
;trafficone.c,126 :: 		break;}
0x00E8	0x2956      	GOTO       L_main37
L_main59:
;trafficone.c,127 :: 		portc.b0=0;     // Red led of south is off
0x00E9	0x1007      	BCF        PORTC, 0
;trafficone.c,128 :: 		portc.b1=0;         // yellow led of south is off
0x00EA	0x1087      	BCF        PORTC, 1
;trafficone.c,129 :: 		portc.b2=1;              // green led of south is on
0x00EB	0x1507      	BSF        PORTC, 2
;trafficone.c,130 :: 		portc.b3=1;                // Red led of west is on
0x00EC	0x1587      	BSF        PORTC, 3
;trafficone.c,131 :: 		portc.b4=0;                  // yellow led of west is off
0x00ED	0x1207      	BCF        PORTC, 4
;trafficone.c,132 :: 		portc.b5=0;                   // green led of west is off
0x00EE	0x1287      	BCF        PORTC, 5
;trafficone.c,133 :: 		if(portb.B3==1){
0x00EF	0x1D86      	BTFSS      PORTB, 3
0x00F0	0x28F2      	GOTO       L_main60
;trafficone.c,134 :: 		break;}
0x00F1	0x2956      	GOTO       L_main37
L_main60:
;trafficone.c,135 :: 		for(counter=15;counter>=0;counter--){
0x00F2	0x300F      	MOVLW      15
0x00F3	0x00A2      	MOVWF      main_counter_L0
L_main61:
0x00F4	0x3000      	MOVLW      0
0x00F5	0x0222      	SUBWF      main_counter_L0, 0
0x00F6	0x1C03      	BTFSS      STATUS, 0
0x00F7	0x2952      	GOTO       L_main62
;trafficone.c,136 :: 		if(portb.B3==1){     //if switch of manual and automatic is on go to manual mode
0x00F8	0x1D86      	BTFSS      PORTB, 3
0x00F9	0x28FB      	GOTO       L_main64
;trafficone.c,137 :: 		break;}
0x00FA	0x2952      	GOTO       L_main62
L_main64:
;trafficone.c,138 :: 		left=counter/10;
0x00FB	0x300A      	MOVLW      10
0x00FC	0x00F4      	MOVWF      R4
0x00FD	0x0822      	MOVF       main_counter_L0, 0
0x00FE	0x00F0      	MOVWF      R0
0x00FF	0x2003      	CALL       _Div_8X8_U
0x0100	0x0870      	MOVF       R0, 0
0x0101	0x00A4      	MOVWF      main_left_L0
;trafficone.c,139 :: 		right=counter%10;
0x0102	0x300A      	MOVLW      10
0x0103	0x00F4      	MOVWF      R4
0x0104	0x0822      	MOVF       main_counter_L0, 0
0x0105	0x00F0      	MOVWF      R0
0x0106	0x2003      	CALL       _Div_8X8_U
0x0107	0x0878      	MOVF       R8, 0
0x0108	0x00F0      	MOVWF      R0
0x0109	0x0870      	MOVF       R0, 0
0x010A	0x00A5      	MOVWF      main_right_L0
;trafficone.c,140 :: 		if(counter<=3){
0x010B	0x0822      	MOVF       main_counter_L0, 0
0x010C	0x3C03      	SUBLW      3
0x010D	0x1C03      	BTFSS      STATUS, 0
0x010E	0x2915      	GOTO       L_main65
;trafficone.c,141 :: 		if(portb.B3==1){
0x010F	0x1D86      	BTFSS      PORTB, 3
0x0110	0x2912      	GOTO       L_main66
;trafficone.c,142 :: 		break;}
0x0111	0x2952      	GOTO       L_main62
L_main66:
;trafficone.c,143 :: 		portc.b0=0;             // Red led of south is off
0x0112	0x1007      	BCF        PORTC, 0
;trafficone.c,144 :: 		portc.b1=1;              // yellow led of south is off
0x0113	0x1487      	BSF        PORTC, 1
;trafficone.c,145 :: 		portc.b2=0;              // green led of south is off
0x0114	0x1107      	BCF        PORTC, 2
;trafficone.c,146 :: 		}
L_main65:
;trafficone.c,147 :: 		if(portb.B3==1){    //if switch of manual and automatic is on go to manual mode
0x0115	0x1D86      	BTFSS      PORTB, 3
0x0116	0x2918      	GOTO       L_main67
;trafficone.c,148 :: 		break;}
0x0117	0x2952      	GOTO       L_main62
L_main67:
;trafficone.c,149 :: 		for(i=0;i<25;i++){
0x0118	0x01A3      	CLRF       main_i_L0
L_main68:
0x0119	0x3019      	MOVLW      25
0x011A	0x0223      	SUBWF      main_i_L0, 0
0x011B	0x1803      	BTFSC      STATUS, 0
0x011C	0x294B      	GOTO       L_main69
;trafficone.c,150 :: 		portb.B1=1;
0x011D	0x1486      	BSF        PORTB, 1
;trafficone.c,151 :: 		portb.B2=0;
0x011E	0x1106      	BCF        PORTB, 2
;trafficone.c,152 :: 		portd=right;
0x011F	0x0825      	MOVF       main_right_L0, 0
0x0120	0x0088      	MOVWF      PORTD
;trafficone.c,153 :: 		porta=right;
0x0121	0x0825      	MOVF       main_right_L0, 0
0x0122	0x0085      	MOVWF      PORTA
;trafficone.c,154 :: 		if(portb.B3==1){         //if switch of manual and automatic is on go to manual mode
0x0123	0x1D86      	BTFSS      PORTB, 3
0x0124	0x2926      	GOTO       L_main71
;trafficone.c,155 :: 		break;}
0x0125	0x294B      	GOTO       L_main69
L_main71:
;trafficone.c,156 :: 		delay_ms(20);
0x0126	0x3034      	MOVLW      52
0x0127	0x00FC      	MOVWF      R12
0x0128	0x30F1      	MOVLW      241
0x0129	0x00FD      	MOVWF      R13
L_main72:
0x012A	0x0BFD      	DECFSZ     R13, 1
0x012B	0x292A      	GOTO       L_main72
0x012C	0x0BFC      	DECFSZ     R12, 1
0x012D	0x292A      	GOTO       L_main72
0x012E	0x0000      	NOP
0x012F	0x0000      	NOP
;trafficone.c,157 :: 		if(portb.B3==1){       //if switch of manual and automatic is on go to manual mode
0x0130	0x1D86      	BTFSS      PORTB, 3
0x0131	0x2933      	GOTO       L_main73
;trafficone.c,158 :: 		break;}
0x0132	0x294B      	GOTO       L_main69
L_main73:
;trafficone.c,159 :: 		portb.B1=0;
0x0133	0x1086      	BCF        PORTB, 1
;trafficone.c,160 :: 		portb.B2=1;
0x0134	0x1506      	BSF        PORTB, 2
;trafficone.c,161 :: 		portd=left;
0x0135	0x0824      	MOVF       main_left_L0, 0
0x0136	0x0088      	MOVWF      PORTD
;trafficone.c,162 :: 		porta=left;
0x0137	0x0824      	MOVF       main_left_L0, 0
0x0138	0x0085      	MOVWF      PORTA
;trafficone.c,163 :: 		if(portb.B3==1){         //if switch of manual and automatic is on go to manual mode
0x0139	0x1D86      	BTFSS      PORTB, 3
0x013A	0x293C      	GOTO       L_main74
;trafficone.c,164 :: 		break;}
0x013B	0x294B      	GOTO       L_main69
L_main74:
;trafficone.c,165 :: 		delay_ms(20);
0x013C	0x3034      	MOVLW      52
0x013D	0x00FC      	MOVWF      R12
0x013E	0x30F1      	MOVLW      241
0x013F	0x00FD      	MOVWF      R13
L_main75:
0x0140	0x0BFD      	DECFSZ     R13, 1
0x0141	0x2940      	GOTO       L_main75
0x0142	0x0BFC      	DECFSZ     R12, 1
0x0143	0x2940      	GOTO       L_main75
0x0144	0x0000      	NOP
0x0145	0x0000      	NOP
;trafficone.c,166 :: 		if(portb.B3==1){        //if switch of manual and automatic is on go to manual mode
0x0146	0x1D86      	BTFSS      PORTB, 3
0x0147	0x2949      	GOTO       L_main76
;trafficone.c,167 :: 		break;}
0x0148	0x294B      	GOTO       L_main69
L_main76:
;trafficone.c,149 :: 		for(i=0;i<25;i++){
0x0149	0x0AA3      	INCF       main_i_L0, 1
;trafficone.c,168 :: 		}
0x014A	0x2919      	GOTO       L_main68
L_main69:
;trafficone.c,169 :: 		if(counter==0){
0x014B	0x0822      	MOVF       main_counter_L0, 0
0x014C	0x3A00      	XORLW      0
0x014D	0x1D03      	BTFSS      STATUS, 2
0x014E	0x2950      	GOTO       L_main77
;trafficone.c,170 :: 		break;}
0x014F	0x2952      	GOTO       L_main62
L_main77:
;trafficone.c,135 :: 		for(counter=15;counter>=0;counter--){
0x0150	0x03A2      	DECF       main_counter_L0, 1
;trafficone.c,171 :: 		}if(portb.B3==1){      //if switch of manual and automatic is on go to manual mode
0x0151	0x28F4      	GOTO       L_main61
L_main62:
0x0152	0x1D86      	BTFSS      PORTB, 3
0x0153	0x2955      	GOTO       L_main78
;trafficone.c,172 :: 		break;}
0x0154	0x2956      	GOTO       L_main37
L_main78:
;trafficone.c,173 :: 		}}} }
0x0155	0x2877      	GOTO       L_main36
L_main37:
L_main35:
0x0156	0x2828      	GOTO       L_main0
L_end_main:
0x0157	0x2957      	GOTO       $+0
; end of _main
Symbol List:
//** Routines locations **
//ADDRESS    SIZE    PROCEDURE
//----------------------------------------------
0x0003      [17]    _Div_8X8_U
0x0014     [324]    _main
//** Variables locations ** 
//ADDRESS    SIZE    VARIABLE
//----------------------------------------------
0x0000       [1]    INDF
0x0003       [1]    STATUS
0x0004       [1]    FSR
0x0005       [1]    PORTA
0x0006       [1]    PORTB
0x0007       [1]    PORTC
0x0008       [1]    PORTD
0x000A       [1]    PCLATH
0x0020       [2]    ___DoICPAddr
0x0022       [1]    main_counter_L0
0x0023       [1]    main_i_L0
0x0024       [1]    main_left_L0
0x0025       [1]    main_right_L0
0x0070       [1]    R0
0x0071       [1]    R1
0x0072       [1]    R2
0x0073       [1]    R3
0x0074       [1]    R4
0x0075       [1]    R5
0x0076       [1]    R6
0x0077       [1]    R7
0x0078       [1]    R8
0x0079       [1]    R9
0x007A       [1]    R10
0x007B       [1]    R11
0x007C       [1]    R12
0x007D       [1]    R13
0x007E       [1]    R14
0x007F       [1]    R15
0x0085       [1]    TRISA
0x0086       [1]    TRISB
0x0087       [1]    TRISC
0x0088       [1]    TRISD
0x009F       [1]    ADCON1
